06/23/2024 15:12:03- GET undefined /api/get-all-tasks
06/23/2024 15:12:23- GET undefined /api/get-all-tasks
06/23/2024 15:12:55- GET undefined /api/get-all-tasks
06/23/2024 15:13:38- GET undefined /api/get-all-tasks
06/23/2024 15:13:48- GET undefined /api/get-all-tasks
06/23/2024 15:14:05- OPTIONS http://localhost:4200 /api/add-task
06/23/2024 15:14:05- POST http://localhost:4200 /api/add-task
06/23/2024 15:43:09- GET undefined /api/get-all-tasks
06/23/2024 15:43:09- GET undefined /api/get-all-tasks
06/23/2024 15:43:10- OPTIONS http://localhost:4200 /api/add-task
06/23/2024 15:43:10- POST http://localhost:4200 /api/add-task
06/23/2024 15:44:48- GET undefined /api/get-all-tasks
06/23/2024 15:44:52- GET undefined /api/get-all-tasks
06/23/2024 15:47:25- GET undefined /api/get-all-tasks
06/23/2024 15:47:25- GET undefined /api/get-all-tasks
06/23/2024 15:47:29- GET undefined /api/get-all-tasks
06/23/2024 15:47:30- OPTIONS http://localhost:4200 /api/add-task
06/23/2024 15:47:30- POST http://localhost:4200 /api/add-task
06/23/2024 15:48:09- GET undefined /api/get-all-tasks
06/23/2024 15:48:11- GET undefined /api/get-all-tasks
06/23/2024 16:08:44- GET undefined /api/get-all-tasks
06/23/2024 16:43:55- GET undefined /api/get-all-tasks
06/23/2024 17:30:49- GET undefined /api/get-all-tasks
06/23/2024 18:08:34- GET undefined /api/get-all-tasks
06/23/2024 18:09:34- GET undefined /api/get-all-tasks
06/23/2024 18:09:38- GET undefined /api/get-all-tasks
06/23/2024 18:10:09- GET undefined /api/get-all-tasks
06/23/2024 18:10:22- GET undefined /api/get-all-tasks
06/23/2024 18:11:44- GET undefined /api/get-all-tasks
06/23/2024 18:12:28- GET http://localhost:4200 /api/get-all-tasks
06/23/2024 18:40:47- GET undefined /api/get-all-tasks
06/23/2024 18:40:47- GET undefined /api/get-all-tasks
06/23/2024 18:41:20- GET undefined /api/get-all-tasks
06/23/2024 18:41:28- OPTIONS http://localhost:4200 /api/add-task
06/23/2024 18:41:28- POST http://localhost:4200 /api/add-task
06/23/2024 18:42:41- GET undefined /api/get-all-tasks
06/23/2024 18:42:50- OPTIONS http://localhost:4200 /api/add-task
06/23/2024 18:42:50- POST http://localhost:4200 /api/add-task
06/23/2024 18:42:52- GET undefined /api/get-all-tasks
06/23/2024 18:43:08- GET undefined /api/get-all-tasks
06/23/2024 18:43:45- GET undefined /api/get-all-tasks
06/23/2024 18:46:44- GET undefined /api/get-all-tasks
06/23/2024 18:46:44- GET undefined /api/get-all-tasks
06/23/2024 18:46:56- GET undefined /api/get-all-tasks
06/23/2024 18:47:19- GET undefined /api/get-all-tasks
06/23/2024 18:47:19- GET undefined /api/get-all-tasks
06/23/2024 18:47:50- GET undefined /api/get-all-tasks
06/23/2024 18:48:12- GET undefined /api/get-all-tasks
06/23/2024 18:48:40- GET undefined /api/get-all-tasks
06/23/2024 18:54:22- GET undefined /api/get-all-tasks
06/23/2024 18:54:25- OPTIONS http://localhost:4200 /api/delete-task/66781f525d3ef93a61cb4b72
06/23/2024 18:54:25- DELETE http://localhost:4200 /api/delete-task/66781f525d3ef93a61cb4b72
06/23/2024 18:54:37- GET undefined /api/get-all-tasks
06/23/2024 19:30:40- GET undefined /api/get-all-tasks
06/23/2024 19:32:29- GET http://localhost:4200 /api/get-all-tasks
06/23/2024 19:36:44- GET undefined /api/get-all-tasks
06/23/2024 19:37:46- GET undefined /api/get-all-tasks
06/23/2024 19:37:48- GET undefined /api/get-all-tasks
06/23/2024 19:37:49- GET http://localhost:4200 /api/get-all-tasks
06/23/2024 19:37:53- OPTIONS http://localhost:4200 /api/add-task
06/23/2024 19:37:53- POST http://localhost:4200 /api/add-task
06/23/2024 19:38:08- GET undefined /api/get-all-tasks
06/23/2024 19:38:09- GET http://localhost:4200 /api/get-all-tasks
06/23/2024 19:38:14- OPTIONS http://localhost:4200 /api/add-task
06/23/2024 19:38:14- POST http://localhost:4200 /api/add-task
06/23/2024 19:40:32- GET undefined /api/get-all-tasks
06/23/2024 19:40:38- OPTIONS http://localhost:4200 /api/add-task
06/23/2024 19:40:38- POST http://localhost:4200 /api/add-task
06/23/2024 19:40:38- GET http://localhost:4200 /api/get-all-tasks
06/23/2024 19:42:08- GET undefined /api/get-all-tasks
06/23/2024 19:43:51- GET undefined /api/get-all-tasks
06/23/2024 19:43:55- GET undefined /api/get-all-tasks
06/23/2024 19:45:31- GET undefined /api/get-all-tasks
06/23/2024 19:46:25- GET undefined /api/get-all-tasks
06/23/2024 19:46:39- GET undefined /api/get-all-tasks
06/23/2024 19:47:07- GET undefined /api/get-all-tasks
06/23/2024 19:47:22- GET undefined /api/get-all-tasks
06/23/2024 19:47:28- GET undefined /api/get-all-tasks
06/23/2024 19:47:34- GET http://localhost:4200 /api/get-all-tasks
06/23/2024 19:47:40- GET undefined /api/get-all-tasks
06/23/2024 19:47:49- GET undefined /api/get-all-tasks
06/23/2024 20:09:49- GET undefined /api/get-all-tasks
06/23/2024 20:09:49- GET undefined /api/get-all-tasks
06/24/2024 11:06:29- GET undefined /api/get-all-tasks
06/24/2024 11:13:54- GET undefined /api/get-all-tasks
06/24/2024 11:14:00- OPTIONS http://localhost:4200 /api/delete-task/66782cde5d3ef93a61cb4b93
06/24/2024 11:14:00- DELETE http://localhost:4200 /api/delete-task/66782cde5d3ef93a61cb4b93
06/24/2024 11:14:03- GET undefined /api/get-all-tasks
06/24/2024 11:14:43- GET undefined /api/get-all-tasks
06/24/2024 11:14:45- OPTIONS http://localhost:4200 /api/delete-task/66782c4e5d3ef93a61cb4b8f
06/24/2024 11:14:45- DELETE http://localhost:4200 /api/delete-task/66782c4e5d3ef93a61cb4b8f
06/24/2024 11:14:45- GET http://localhost:4200 /api/get-all-tasks
06/24/2024 11:14:46- OPTIONS http://localhost:4200 /api/delete-task/66782c395d3ef93a61cb4b8a
06/24/2024 11:14:46- DELETE http://localhost:4200 /api/delete-task/66782c395d3ef93a61cb4b8a
06/24/2024 11:14:46- GET http://localhost:4200 /api/get-all-tasks
06/24/2024 11:15:14- GET undefined /api/get-all-tasks
06/24/2024 11:15:33- GET undefined /api/get-all-tasks
06/24/2024 11:15:51- GET undefined /api/get-all-tasks
06/24/2024 11:16:03- GET undefined /api/get-all-tasks
06/24/2024 11:16:45- GET undefined /api/get-all-tasks
06/24/2024 11:17:01- GET undefined /api/get-all-tasks
06/24/2024 11:17:16- OPTIONS http://localhost:4200 /api/add-task
06/24/2024 11:17:16- POST http://localhost:4200 /api/add-task
06/24/2024 11:17:16- GET http://localhost:4200 /api/get-all-tasks
06/24/2024 11:17:41- OPTIONS http://localhost:4200 /api/add-task
06/24/2024 11:17:41- POST http://localhost:4200 /api/add-task
06/24/2024 11:17:44- POST http://localhost:4200 /api/add-task
06/24/2024 11:17:45- GET http://localhost:4200 /api/get-all-tasks
06/24/2024 11:17:51- OPTIONS http://localhost:4200 /api/add-task
06/24/2024 11:17:51- POST http://localhost:4200 /api/add-task
06/24/2024 11:17:51- GET http://localhost:4200 /api/get-all-tasks
06/24/2024 11:18:00- OPTIONS http://localhost:4200 /api/add-task
06/24/2024 11:18:00- POST http://localhost:4200 /api/add-task
06/24/2024 11:18:00- GET http://localhost:4200 /api/get-all-tasks
06/24/2024 11:21:14- GET undefined /api/get-all-tasks
06/24/2024 11:22:05- GET undefined /api/get-all-tasks
06/24/2024 11:22:05- GET undefined /api/get-all-tasks
06/24/2024 11:22:40- GET undefined /api/get-all-tasks
06/24/2024 11:22:46- GET undefined /api/get-all-tasks
06/24/2024 11:23:34- GET undefined /api/get-all-tasks
06/24/2024 11:23:57- GET undefined /api/get-all-tasks
06/24/2024 11:24:09- GET undefined /api/get-all-tasks
06/24/2024 11:24:26- GET undefined /api/get-all-tasks
06/24/2024 11:24:34- GET undefined /api/get-all-tasks
06/24/2024 11:24:40- GET undefined /api/get-all-tasks
06/24/2024 11:24:50- GET undefined /api/get-all-tasks
06/24/2024 11:24:55- GET http://localhost:4200 /api/get-all-tasks
06/24/2024 11:25:03- GET undefined /api/get-all-tasks
06/24/2024 11:25:18- GET undefined /api/get-all-tasks
06/24/2024 11:25:36- GET http://localhost:4200 /api/get-all-tasks
06/24/2024 11:25:42- GET http://localhost:4200 /api/get-all-tasks
06/24/2024 11:26:29- GET undefined /api/get-all-tasks
06/24/2024 11:26:31- GET undefined /api/get-all-tasks
06/24/2024 11:32:40- GET http://localhost:4200 /api/get-all-tasks
06/24/2024 11:33:03- GET undefined /api/get-all-tasks
06/24/2024 11:33:03- GET undefined /api/get-all-tasks
06/24/2024 11:53:30- GET undefined /api/get-all-tasks
06/24/2024 11:56:28- GET undefined /api/get-all-tasks
06/24/2024 11:56:40- GET undefined /api/get-all-tasks
06/24/2024 11:56:51- GET undefined /api/get-all-tasks
06/24/2024 11:57:20- GET undefined /api/get-all-tasks
06/24/2024 11:57:34- GET undefined /api/get-all-tasks
06/24/2024 11:57:48- GET http://localhost:4200 /api/get-all-tasks
06/24/2024 11:57:54- GET undefined /api/get-all-tasks
06/24/2024 11:58:36- GET undefined /api/get-all-tasks
06/24/2024 11:58:46- GET undefined /api/get-all-tasks
06/24/2024 11:59:38- GET undefined /api/get-all-tasks
06/24/2024 11:59:56- GET undefined /api/get-all-tasks
06/24/2024 12:08:59- GET undefined /api/get-all-tasks
06/24/2024 12:09:17- GET undefined /api/get-all-tasks
06/24/2024 12:10:29- GET http://localhost:4200 /api/get-all-tasks
06/24/2024 12:10:32- OPTIONS http://localhost:4200 /api/delete-task/6679086462d1d1537560ee33
06/24/2024 12:10:32- DELETE http://localhost:4200 /api/delete-task/6679086462d1d1537560ee33
06/24/2024 12:10:32- GET http://localhost:4200 /api/get-all-tasks
06/24/2024 12:11:31- GET undefined /api/get-all-tasks
06/24/2024 12:11:39- GET undefined /api/get-all-tasks
06/24/2024 12:11:43- GET undefined /api/get-all-tasks
06/24/2024 12:13:01- GET undefined /api/get-all-tasks
06/24/2024 12:13:11- GET undefined /api/get-all-tasks
06/24/2024 12:28:36- GET undefined /api/get-all-tasks
06/24/2024 12:28:36- GET undefined /api/get-all-tasks
06/24/2024 12:28:46- OPTIONS http://localhost:4200 /api/update-task/6679089062d1d1537560ee43
06/24/2024 12:28:46- PATCH http://localhost:4200 /api/update-task/6679089062d1d1537560ee43
06/24/2024 12:28:48- GET undefined /api/get-all-tasks
06/24/2024 12:28:53- GET http://localhost:4200 /api/get-all-tasks
06/24/2024 12:29:09- GET undefined /api/get-all-tasks
06/24/2024 12:29:11- OPTIONS http://localhost:4200 /api/update-task/6679089062d1d1537560ee43
06/24/2024 12:29:11- PATCH http://localhost:4200 /api/update-task/6679089062d1d1537560ee43
06/24/2024 12:29:11- GET http://localhost:4200 /api/get-all-tasks
06/24/2024 12:29:13- GET undefined /api/get-all-tasks
06/24/2024 12:29:23- OPTIONS http://localhost:4200 /api/update-task/6679088062d1d1537560ee39
06/24/2024 12:29:23- PATCH http://localhost:4200 /api/update-task/6679088062d1d1537560ee39
06/24/2024 12:29:23- GET http://localhost:4200 /api/get-all-tasks
06/24/2024 12:29:28- GET http://localhost:4200 /api/get-all-tasks
06/24/2024 12:48:30- GET undefined /api/get-all-tasks
06/24/2024 12:49:33- GET undefined /api/get-all-tasks
06/24/2024 12:49:33- GET undefined /api/get-all-tasks
06/24/2024 12:49:38- GET undefined /api/get-all-tasks
06/24/2024 12:49:57- GET undefined /api/get-all-tasks
06/24/2024 12:51:08- GET undefined /api/get-all-tasks
06/24/2024 13:08:10- GET undefined /api/get-all-tasks
06/24/2024 13:08:10- GET undefined /api/get-all-tasks
06/24/2024 13:08:18- GET http://localhost:4200 /api/get-all-tasks
06/24/2024 13:08:21- OPTIONS http://localhost:4200 /api/update-task/6679089062d1d1537560ee43
06/24/2024 13:08:21- PATCH http://localhost:4200 /api/update-task/6679089062d1d1537560ee43
06/24/2024 13:08:21- GET http://localhost:4200 /api/get-all-tasks
06/24/2024 13:08:32- GET undefined /api/get-all-tasks
06/24/2024 13:09:01- GET undefined /api/get-all-tasks
06/24/2024 13:09:30- GET undefined /api/get-all-tasks
06/24/2024 13:09:42- GET undefined /api/get-all-tasks
06/24/2024 13:09:58- GET undefined /api/get-all-tasks
06/24/2024 13:10:21- GET undefined /api/get-all-tasks
06/24/2024 13:10:24- GET undefined /api/get-all-tasks
06/24/2024 13:23:34- GET undefined /api/get-all-tasks
06/24/2024 13:23:40- GET http://localhost:4200 /api/get-all-tasks
06/24/2024 13:23:43- OPTIONS http://localhost:4200 /api/update-task/6679089062d1d1537560ee43
06/24/2024 13:23:43- PATCH http://localhost:4200 /api/update-task/6679089062d1d1537560ee43
06/24/2024 13:23:43- GET http://localhost:4200 /api/get-all-tasks
06/24/2024 13:24:06- OPTIONS http://localhost:4200 /api/update-task/6679089062d1d1537560ee43
06/24/2024 13:24:06- PATCH http://localhost:4200 /api/update-task/6679089062d1d1537560ee43
06/24/2024 13:24:06- GET http://localhost:4200 /api/get-all-tasks
06/24/2024 13:24:35- GET undefined /api/get-all-tasks
06/24/2024 13:24:43- GET undefined /api/get-all-tasks
06/24/2024 13:24:52- OPTIONS http://localhost:4200 /api/update-task/6679089062d1d1537560ee43
06/24/2024 13:24:52- PATCH http://localhost:4200 /api/update-task/6679089062d1d1537560ee43
06/24/2024 13:24:52- GET http://localhost:4200 /api/get-all-tasks
06/24/2024 13:24:56- OPTIONS http://localhost:4200 /api/update-task/6679088762d1d1537560ee3e
06/24/2024 13:24:56- PATCH http://localhost:4200 /api/update-task/6679088762d1d1537560ee3e
06/24/2024 13:24:57- GET http://localhost:4200 /api/get-all-tasks
06/24/2024 13:24:58- GET undefined /api/get-all-tasks
06/24/2024 13:25:29- GET undefined /api/get-all-tasks
06/24/2024 13:25:31- OPTIONS http://localhost:4200 /api/update-task/6679089062d1d1537560ee43
06/24/2024 13:25:31- PATCH http://localhost:4200 /api/update-task/6679089062d1d1537560ee43
06/24/2024 13:25:32- GET http://localhost:4200 /api/get-all-tasks
06/24/2024 13:25:40- GET undefined /api/get-all-tasks
06/24/2024 13:25:42- OPTIONS http://localhost:4200 /api/update-task/6679089062d1d1537560ee43
06/24/2024 13:25:42- PATCH http://localhost:4200 /api/update-task/6679089062d1d1537560ee43
06/24/2024 13:25:42- GET http://localhost:4200 /api/get-all-tasks
06/24/2024 13:26:05- GET undefined /api/get-all-tasks
06/24/2024 13:26:07- OPTIONS http://localhost:4200 /api/delete-task/6679088062d1d1537560ee39
06/24/2024 13:26:07- DELETE http://localhost:4200 /api/delete-task/6679088062d1d1537560ee39
06/24/2024 13:26:07- GET http://localhost:4200 /api/get-all-tasks
06/24/2024 13:26:10- OPTIONS http://localhost:4200 /api/delete-task/6679089062d1d1537560ee43
06/24/2024 13:26:10- DELETE http://localhost:4200 /api/delete-task/6679089062d1d1537560ee43
06/24/2024 13:26:10- GET http://localhost:4200 /api/get-all-tasks
06/24/2024 13:26:13- OPTIONS http://localhost:4200 /api/delete-task/6679088762d1d1537560ee3e
06/24/2024 13:26:13- DELETE http://localhost:4200 /api/delete-task/6679088762d1d1537560ee3e
06/24/2024 13:26:13- GET http://localhost:4200 /api/get-all-tasks
06/24/2024 13:26:42- GET undefined /api/get-all-tasks
06/24/2024 13:47:05- GET undefined /api/get-all-tasks
06/24/2024 15:39:55- GET undefined /api/get-all-tasks
06/24/2024 15:40:00- GET undefined /api/get-all-tasks
06/24/2024 16:36:44- GET undefined /api/get-all-tasks
06/24/2024 16:36:54- OPTIONS http://localhost:4200 /api/add-task
06/24/2024 16:36:54- POST http://localhost:4200 /api/add-task
06/24/2024 16:37:12- OPTIONS http://localhost:4200 /api/add-task
06/24/2024 16:37:12- POST http://localhost:4200 /api/add-task
06/24/2024 16:37:12- GET http://localhost:4200 /api/get-all-tasks
06/24/2024 16:38:08- OPTIONS http://localhost:4200 /api/delete-task/66795360daa02982adf7ffe6
06/24/2024 16:38:08- DELETE http://localhost:4200 /api/delete-task/66795360daa02982adf7ffe6
06/24/2024 16:38:08- GET http://localhost:4200 /api/get-all-tasks
06/24/2024 16:38:42- GET undefined /api/get-all-tasks
06/24/2024 16:39:21- GET undefined /api/get-all-tasks
06/24/2024 16:41:05- GET undefined /api/get-all-tasks
06/24/2024 16:49:42- OPTIONS http://localhost:4200 /api/register
06/24/2024 16:49:42- POST http://localhost:4200 /api/register
06/24/2024 16:51:14- OPTIONS http://localhost:4200 /api/register
06/24/2024 16:51:14- POST http://localhost:4200 /api/register
06/24/2024 16:51:34- OPTIONS http://localhost:4200 /api/register
06/24/2024 16:51:34- POST http://localhost:4200 /api/register
06/24/2024 16:51:48- OPTIONS http://localhost:4200 /api/register
06/24/2024 16:51:48- POST http://localhost:4200 /api/register
06/24/2024 16:52:02- OPTIONS http://localhost:4200 /api/login
06/24/2024 16:52:02- POST http://localhost:4200 /api/login
06/24/2024 16:53:34- OPTIONS http://localhost:4200 /api/login
06/24/2024 16:53:34- POST http://localhost:4200 /api/login
06/24/2024 16:53:48- OPTIONS http://localhost:4200 /api/login
06/24/2024 16:53:48- POST http://localhost:4200 /api/login
06/24/2024 17:08:19- OPTIONS http://localhost:4200 /api/login
06/24/2024 17:08:19- POST http://localhost:4200 /api/login
06/24/2024 17:08:19- GET http://localhost:4200 /api/get-all-tasks
06/24/2024 17:14:19- GET undefined /api/get-all-tasks
06/24/2024 20:00:33- OPTIONS http://localhost:4200 /api/login
06/24/2024 20:00:33- POST http://localhost:4200 /api/login
06/24/2024 20:00:33- GET http://localhost:4200 /api/get-all-tasks
06/24/2024 20:00:36- OPTIONS http://localhost:4200 /api/logout
06/24/2024 20:00:36- GET http://localhost:4200 /api/logout
06/24/2024 20:00:58- OPTIONS http://localhost:4200 /api/login
06/24/2024 20:00:58- POST http://localhost:4200 /api/login
06/24/2024 20:01:06- OPTIONS http://localhost:4200 /api/login
06/24/2024 20:01:06- POST http://localhost:4200 /api/login
06/24/2024 20:01:06- GET http://localhost:4200 /api/get-all-tasks
06/24/2024 20:02:40- OPTIONS http://localhost:4200 /api/logout
06/24/2024 20:02:40- GET http://localhost:4200 /api/logout
06/24/2024 20:04:28- OPTIONS http://localhost:4200 /api/login
06/24/2024 20:04:28- POST http://localhost:4200 /api/login
06/24/2024 20:04:28- GET http://localhost:4200 /api/get-all-tasks
06/24/2024 20:06:39- GET http://localhost:4200 /api/get-all-tasks
06/24/2024 20:06:40- OPTIONS http://localhost:4200 /api/logout
06/24/2024 20:06:40- GET http://localhost:4200 /api/logout
06/24/2024 20:06:59- OPTIONS http://localhost:4200 /api/login
06/24/2024 20:06:59- POST http://localhost:4200 /api/login
06/24/2024 20:06:59- GET http://localhost:4200 /api/get-all-tasks
06/24/2024 20:07:31- GET http://localhost:4200 /api/get-all-tasks
06/24/2024 20:07:50- GET http://localhost:4200 /api/get-all-tasks
06/24/2024 20:08:35- GET http://localhost:4200 /api/get-all-tasks
06/24/2024 20:12:16- GET http://localhost:4200 /api/get-all-tasks
06/24/2024 20:13:05- GET http://localhost:4200 /api/get-all-tasks
06/24/2024 20:13:05- OPTIONS http://localhost:4200 /api/logout
06/24/2024 20:13:05- GET http://localhost:4200 /api/logout
06/24/2024 20:13:13- OPTIONS http://localhost:4200 /api/login
06/24/2024 20:13:13- POST http://localhost:4200 /api/login
06/24/2024 20:13:14- GET http://localhost:4200 /api/get-all-tasks
06/24/2024 20:27:03- GET http://localhost:4200 /api/get-all-tasks
06/24/2024 20:27:05- OPTIONS http://localhost:4200 /api/logout
06/24/2024 20:27:05- GET http://localhost:4200 /api/logout
06/24/2024 20:27:09- OPTIONS http://localhost:4200 /api/logout
06/24/2024 20:27:09- GET http://localhost:4200 /api/logout
06/24/2024 20:27:13- GET http://localhost:4200 /api/get-all-tasks
06/24/2024 20:29:20- OPTIONS http://localhost:4200 /api/get-all-tasks
06/24/2024 20:29:20- GET http://localhost:4200 /api/get-all-tasks
06/24/2024 20:29:22- OPTIONS http://localhost:4200 /api/logout
06/24/2024 20:29:22- GET http://localhost:4200 /api/logout
06/24/2024 20:29:54- OPTIONS http://localhost:4200 /api/login
06/24/2024 20:29:54- POST http://localhost:4200 /api/login
06/24/2024 20:29:54- OPTIONS http://localhost:4200 /api/get-all-tasks
06/24/2024 20:29:54- GET http://localhost:4200 /api/get-all-tasks
06/24/2024 20:30:01- OPTIONS http://localhost:4200 /api/add-task
06/24/2024 20:30:01- POST http://localhost:4200 /api/add-task
06/24/2024 20:30:02- OPTIONS http://localhost:4200 /api/get-all-tasks
06/24/2024 20:30:02- GET http://localhost:4200 /api/get-all-tasks
06/24/2024 20:30:06- OPTIONS http://localhost:4200 /api/logout
06/24/2024 20:30:06- GET http://localhost:4200 /api/logout
06/24/2024 20:50:37- OPTIONS http://localhost:4200 /api/get-all-tasks
06/24/2024 20:50:37- GET http://localhost:4200 /api/get-all-tasks
06/24/2024 21:56:34- OPTIONS http://localhost:4200 /api/logout
06/24/2024 21:56:34- GET http://localhost:4200 /api/logout
06/24/2024 22:08:00- OPTIONS http://localhost:4200 /api/logout
06/24/2024 22:08:00- GET http://localhost:4200 /api/logout
06/24/2024 22:08:37- OPTIONS http://localhost:4200 /api/logout
06/24/2024 22:08:37- GET http://localhost:4200 /api/logout
06/24/2024 22:21:22- OPTIONS http://localhost:4200 /api/register
06/24/2024 22:21:22- POST http://localhost:4200 /api/register
06/24/2024 22:22:04- OPTIONS http://localhost:4200 /api/register
06/24/2024 22:22:04- POST http://localhost:4200 /api/register
06/24/2024 22:23:01- OPTIONS http://localhost:4200 /api/register
06/24/2024 22:23:01- POST http://localhost:4200 /api/register
06/24/2024 22:23:57- OPTIONS http://localhost:4200 /api/register
06/24/2024 22:23:57- POST http://localhost:4200 /api/register
06/24/2024 22:24:21- OPTIONS http://localhost:4200 /api/register
06/24/2024 22:24:21- POST http://localhost:4200 /api/register
06/24/2024 22:25:37- OPTIONS http://localhost:4200 /api/register
06/24/2024 22:25:37- POST http://localhost:4200 /api/register
06/24/2024 22:26:51- OPTIONS http://localhost:4200 /api/register
06/24/2024 22:26:51- POST http://localhost:4200 /api/register
06/24/2024 22:33:33- OPTIONS http://localhost:4200 /api/register
06/24/2024 22:33:33- POST http://localhost:4200 /api/register
06/24/2024 22:33:43- OPTIONS http://localhost:4200 /api/register
06/24/2024 22:33:43- POST http://localhost:4200 /api/register
06/24/2024 22:33:47- OPTIONS http://localhost:4200 /api/register
06/24/2024 22:33:47- POST http://localhost:4200 /api/register
06/24/2024 22:36:15- OPTIONS http://localhost:4200 /api/login
06/24/2024 22:36:15- POST http://localhost:4200 /api/login
06/24/2024 22:36:15- OPTIONS http://localhost:4200 /api/get-all-tasks
06/24/2024 22:36:15- GET http://localhost:4200 /api/get-all-tasks
06/24/2024 22:36:22- OPTIONS http://localhost:4200 /api/get-all-tasks
06/24/2024 22:36:22- GET http://localhost:4200 /api/get-all-tasks
06/24/2024 22:36:44- OPTIONS http://localhost:4200 /api/get-all-tasks
06/24/2024 22:36:44- GET http://localhost:4200 /api/get-all-tasks
06/24/2024 22:36:48- OPTIONS http://localhost:4200 /api/get-all-tasks
06/24/2024 22:36:48- GET http://localhost:4200 /api/get-all-tasks
06/24/2024 22:45:12- OPTIONS http://localhost:4200 /api/logout
06/24/2024 22:45:12- GET http://localhost:4200 /api/logout
06/24/2024 22:52:33- OPTIONS http://localhost:4200 /api/login
06/24/2024 22:52:33- POST http://localhost:4200 /api/login
06/24/2024 22:52:33- OPTIONS http://localhost:4200 /api/get-all-tasks
06/24/2024 22:52:33- GET http://localhost:4200 /api/get-all-tasks
06/24/2024 22:52:40- OPTIONS http://localhost:4200 /api/get-all-tasks
06/24/2024 22:52:40- GET http://localhost:4200 /api/get-all-tasks
06/24/2024 22:52:46- OPTIONS http://localhost:4200 /api/get-all-tasks
06/24/2024 22:52:46- GET http://localhost:4200 /api/get-all-tasks
06/24/2024 22:53:33- OPTIONS http://localhost:4200 /api/get-all-tasks
06/24/2024 22:53:33- GET http://localhost:4200 /api/get-all-tasks
06/24/2024 22:53:36- OPTIONS http://localhost:4200 /api/get-all-tasks
06/24/2024 22:53:36- GET http://localhost:4200 /api/get-all-tasks
06/24/2024 22:54:15- OPTIONS http://localhost:4200 /api/get-all-tasks
06/24/2024 22:54:15- GET http://localhost:4200 /api/get-all-tasks
06/24/2024 22:54:17- OPTIONS http://localhost:4200 /api/get-all-tasks
06/24/2024 22:54:17- GET http://localhost:4200 /api/get-all-tasks
06/24/2024 22:54:25- OPTIONS http://localhost:4200 /api/get-all-tasks
06/24/2024 22:54:25- GET http://localhost:4200 /api/get-all-tasks
06/24/2024 22:57:55- OPTIONS http://localhost:4200 /api/get-all-tasks
06/24/2024 22:57:55- GET http://localhost:4200 /api/get-all-tasks
06/24/2024 22:58:37- OPTIONS http://localhost:4200 /api/get-all-tasks
06/24/2024 22:58:37- GET http://localhost:4200 /api/get-all-tasks
06/24/2024 22:58:49- OPTIONS http://localhost:4200 /api/get-all-tasks
06/24/2024 22:58:49- GET http://localhost:4200 /api/get-all-tasks
06/24/2024 22:58:54- OPTIONS http://localhost:4200 /api/update-task/667989f1299bf8af72d939e7
06/24/2024 22:58:54- PATCH http://localhost:4200 /api/update-task/667989f1299bf8af72d939e7
06/24/2024 22:58:54- OPTIONS http://localhost:4200 /api/get-all-tasks
06/24/2024 22:58:54- GET http://localhost:4200 /api/get-all-tasks
06/24/2024 22:59:03- OPTIONS http://localhost:4200 /api/get-all-tasks
06/24/2024 22:59:03- GET http://localhost:4200 /api/get-all-tasks
06/24/2024 22:59:29- OPTIONS http://localhost:4200 /api/get-all-tasks
06/24/2024 22:59:29- GET http://localhost:4200 /api/get-all-tasks
06/24/2024 23:01:42- OPTIONS http://localhost:4200 /api/get-all-tasks
06/24/2024 23:01:42- GET http://localhost:4200 /api/get-all-tasks
06/24/2024 23:02:53- OPTIONS http://localhost:4200 /api/get-all-tasks
06/24/2024 23:02:53- GET http://localhost:4200 /api/get-all-tasks
06/24/2024 23:03:08- OPTIONS http://localhost:4200 /api/get-all-tasks
06/24/2024 23:03:08- GET http://localhost:4200 /api/get-all-tasks
06/24/2024 23:03:21- OPTIONS http://localhost:4200 /api/get-all-tasks
06/24/2024 23:03:21- GET http://localhost:4200 /api/get-all-tasks
06/24/2024 23:03:27- OPTIONS http://localhost:4200 /api/get-all-tasks
06/24/2024 23:03:27- GET http://localhost:4200 /api/get-all-tasks
06/24/2024 23:03:49- OPTIONS http://localhost:4200 /api/get-all-tasks
06/24/2024 23:03:49- GET http://localhost:4200 /api/get-all-tasks
06/24/2024 23:04:55- OPTIONS http://localhost:4200 /api/get-all-tasks
06/24/2024 23:04:55- GET http://localhost:4200 /api/get-all-tasks
06/24/2024 23:05:20- OPTIONS http://localhost:4200 /api/get-all-tasks
06/24/2024 23:05:20- GET http://localhost:4200 /api/get-all-tasks
06/24/2024 23:05:22- OPTIONS http://localhost:4200 /api/get-all-tasks
06/24/2024 23:05:22- GET http://localhost:4200 /api/get-all-tasks
06/24/2024 23:05:28- OPTIONS http://localhost:4200 /api/get-all-tasks
06/24/2024 23:05:28- GET http://localhost:4200 /api/get-all-tasks
06/24/2024 23:05:53- OPTIONS http://localhost:4200 /api/get-all-tasks
06/24/2024 23:05:53- GET http://localhost:4200 /api/get-all-tasks
06/24/2024 23:06:32- OPTIONS http://localhost:4200 /api/get-all-tasks
06/24/2024 23:06:32- GET http://localhost:4200 /api/get-all-tasks
06/24/2024 23:06:41- OPTIONS http://localhost:4200 /api/get-all-tasks
06/24/2024 23:06:41- GET http://localhost:4200 /api/get-all-tasks
06/24/2024 23:07:25- OPTIONS http://localhost:4200 /api/get-all-tasks
06/24/2024 23:07:25- GET http://localhost:4200 /api/get-all-tasks
06/24/2024 23:07:34- OPTIONS http://localhost:4200 /api/get-all-tasks
06/24/2024 23:07:34- GET http://localhost:4200 /api/get-all-tasks
06/24/2024 23:08:14- OPTIONS http://localhost:4200 /api/get-all-tasks
06/24/2024 23:08:14- GET http://localhost:4200 /api/get-all-tasks
06/24/2024 23:08:38- OPTIONS http://localhost:4200 /api/get-all-tasks
06/24/2024 23:08:38- GET http://localhost:4200 /api/get-all-tasks
06/24/2024 23:09:18- OPTIONS http://localhost:4200 /api/get-all-tasks
06/24/2024 23:09:18- GET http://localhost:4200 /api/get-all-tasks
06/24/2024 23:09:27- OPTIONS http://localhost:4200 /api/get-all-tasks
06/24/2024 23:09:27- GET http://localhost:4200 /api/get-all-tasks
06/24/2024 23:09:37- OPTIONS http://localhost:4200 /api/get-all-tasks
06/24/2024 23:09:37- GET http://localhost:4200 /api/get-all-tasks
06/24/2024 23:10:23- OPTIONS http://localhost:4200 /api/get-all-tasks
06/24/2024 23:10:23- GET http://localhost:4200 /api/get-all-tasks
06/24/2024 23:20:33- OPTIONS http://localhost:4200 /api/get-all-tasks
06/24/2024 23:20:33- GET http://localhost:4200 /api/get-all-tasks
06/24/2024 23:21:06- OPTIONS http://localhost:4200 /api/get-all-tasks
06/24/2024 23:21:06- GET http://localhost:4200 /api/get-all-tasks
06/24/2024 23:21:22- OPTIONS http://localhost:4200 /api/get-all-tasks
06/24/2024 23:21:22- GET http://localhost:4200 /api/get-all-tasks
06/24/2024 23:22:20- OPTIONS http://localhost:4200 /api/get-all-tasks
06/24/2024 23:22:20- GET http://localhost:4200 /api/get-all-tasks
06/24/2024 23:22:33- OPTIONS http://localhost:4200 /api/get-all-tasks
06/24/2024 23:22:33- GET http://localhost:4200 /api/get-all-tasks
06/24/2024 23:22:48- OPTIONS http://localhost:4200 /api/get-all-tasks
06/24/2024 23:22:48- GET http://localhost:4200 /api/get-all-tasks
06/24/2024 23:22:55- OPTIONS http://localhost:4200 /api/logout
06/24/2024 23:22:55- GET http://localhost:4200 /api/logout
06/24/2024 23:23:03- OPTIONS http://localhost:4200 /api/login
06/24/2024 23:23:03- POST http://localhost:4200 /api/login
06/24/2024 23:23:04- OPTIONS http://localhost:4200 /api/get-all-tasks
06/24/2024 23:23:04- GET http://localhost:4200 /api/get-all-tasks
06/24/2024 23:23:54- OPTIONS http://localhost:4200 /api/get-all-tasks
06/24/2024 23:23:54- GET http://localhost:4200 /api/get-all-tasks
06/24/2024 23:24:04- OPTIONS http://localhost:4200 /api/get-all-tasks
06/24/2024 23:24:04- GET http://localhost:4200 /api/get-all-tasks
06/24/2024 23:25:36- OPTIONS http://localhost:4200 /api/get-all-tasks
06/24/2024 23:25:36- GET http://localhost:4200 /api/get-all-tasks
06/24/2024 23:26:21- OPTIONS http://localhost:4200 /api/get-all-tasks
06/24/2024 23:26:21- GET http://localhost:4200 /api/get-all-tasks
06/24/2024 23:26:30- OPTIONS http://localhost:4200 /api/get-all-tasks
06/24/2024 23:26:30- GET http://localhost:4200 /api/get-all-tasks
06/24/2024 23:27:11- OPTIONS http://localhost:4200 /api/get-all-tasks
06/24/2024 23:27:11- GET http://localhost:4200 /api/get-all-tasks
06/24/2024 23:28:58- OPTIONS http://localhost:4200 /api/get-all-tasks
06/24/2024 23:28:58- GET http://localhost:4200 /api/get-all-tasks
06/24/2024 23:29:01- OPTIONS http://localhost:4200 /api/get-all-tasks
06/24/2024 23:29:01- GET http://localhost:4200 /api/get-all-tasks
06/24/2024 23:29:18- OPTIONS http://localhost:4200 /api/get-all-tasks
06/24/2024 23:29:18- GET http://localhost:4200 /api/get-all-tasks
06/24/2024 23:29:34- OPTIONS http://localhost:4200 /api/get-all-tasks
06/24/2024 23:29:34- GET http://localhost:4200 /api/get-all-tasks
06/24/2024 23:30:59- OPTIONS http://localhost:4200 /api/get-all-tasks
06/24/2024 23:30:59- GET http://localhost:4200 /api/get-all-tasks
06/24/2024 23:32:43- OPTIONS http://localhost:4200 /api/get-all-tasks
06/24/2024 23:32:43- POST http://localhost:4200 /api/get-all-tasks
06/24/2024 23:33:46- OPTIONS http://localhost:4200 /api/get-all-tasks
06/24/2024 23:33:46- POST http://localhost:4200 /api/get-all-tasks
06/24/2024 23:34:10- OPTIONS http://localhost:4200 /api/get-all-tasks
06/24/2024 23:34:10- POST http://localhost:4200 /api/get-all-tasks
06/24/2024 23:35:11- OPTIONS http://localhost:4200 /api/get-all-tasks
06/24/2024 23:35:11- POST http://localhost:4200 /api/get-all-tasks
06/24/2024 23:35:20- OPTIONS http://localhost:4200 /api/get-all-tasks
06/24/2024 23:35:20- POST http://localhost:4200 /api/get-all-tasks
06/24/2024 23:35:28- OPTIONS http://localhost:4200 /api/get-all-tasks
06/24/2024 23:35:28- POST http://localhost:4200 /api/get-all-tasks
06/24/2024 23:36:02- OPTIONS http://localhost:4200 /api/get-all-tasks
06/24/2024 23:36:02- POST http://localhost:4200 /api/get-all-tasks
06/24/2024 23:36:11- OPTIONS http://localhost:4200 /api/get-all-tasks
06/24/2024 23:36:11- POST http://localhost:4200 /api/get-all-tasks
06/24/2024 23:36:23- OPTIONS http://localhost:4200 /api/get-all-tasks
06/24/2024 23:36:23- POST http://localhost:4200 /api/get-all-tasks
06/24/2024 23:36:28- OPTIONS http://localhost:4200 /api/get-all-tasks
06/24/2024 23:36:28- POST http://localhost:4200 /api/get-all-tasks
06/24/2024 23:37:37- OPTIONS http://localhost:4200 /api/get-tasks
06/24/2024 23:37:37- POST http://localhost:4200 /api/get-tasks
06/24/2024 23:37:56- OPTIONS http://localhost:4200 /api/get-tasks
06/24/2024 23:37:56- POST http://localhost:4200 /api/get-tasks
06/24/2024 23:38:08- OPTIONS http://localhost:4200 /api/add-task
06/24/2024 23:38:08- POST http://localhost:4200 /api/add-task
06/24/2024 23:38:09- OPTIONS http://localhost:4200 /api/get-tasks
06/24/2024 23:38:09- POST http://localhost:4200 /api/get-tasks
06/24/2024 23:38:11- OPTIONS http://localhost:4200 /api/add-task
06/24/2024 23:38:11- POST http://localhost:4200 /api/add-task
06/24/2024 23:38:12- OPTIONS http://localhost:4200 /api/get-tasks
06/24/2024 23:38:12- POST http://localhost:4200 /api/get-tasks
06/24/2024 23:38:14- OPTIONS http://localhost:4200 /api/add-task
06/24/2024 23:38:14- POST http://localhost:4200 /api/add-task
06/24/2024 23:38:18- OPTIONS http://localhost:4200 /api/add-task
06/24/2024 23:38:18- POST http://localhost:4200 /api/add-task
06/24/2024 23:38:18- OPTIONS http://localhost:4200 /api/get-tasks
06/24/2024 23:38:18- POST http://localhost:4200 /api/get-tasks
06/24/2024 23:38:23- OPTIONS http://localhost:4200 /api/add-task
06/24/2024 23:38:23- POST http://localhost:4200 /api/add-task
06/24/2024 23:38:23- OPTIONS http://localhost:4200 /api/get-tasks
06/24/2024 23:38:23- POST http://localhost:4200 /api/get-tasks
06/24/2024 23:38:25- OPTIONS http://localhost:4200 /api/get-tasks
06/24/2024 23:38:25- POST http://localhost:4200 /api/get-tasks
06/24/2024 23:38:29- OPTIONS http://localhost:4200 /api/add-task
06/24/2024 23:38:29- POST http://localhost:4200 /api/add-task
06/24/2024 23:38:33- OPTIONS http://localhost:4200 /api/add-task
06/24/2024 23:38:33- POST http://localhost:4200 /api/add-task
06/24/2024 23:38:33- OPTIONS http://localhost:4200 /api/get-tasks
06/24/2024 23:38:33- POST http://localhost:4200 /api/get-tasks
06/24/2024 23:38:37- OPTIONS http://localhost:4200 /api/get-tasks
06/24/2024 23:38:37- POST http://localhost:4200 /api/get-tasks
06/24/2024 23:38:39- OPTIONS http://localhost:4200 /api/get-tasks
06/24/2024 23:38:39- POST http://localhost:4200 /api/get-tasks
06/24/2024 23:38:43- OPTIONS http://localhost:4200 /api/add-task
06/24/2024 23:38:43- POST http://localhost:4200 /api/add-task
06/24/2024 23:38:43- OPTIONS http://localhost:4200 /api/get-tasks
06/24/2024 23:38:43- POST http://localhost:4200 /api/get-tasks
06/24/2024 23:38:47- OPTIONS http://localhost:4200 /api/add-task
06/24/2024 23:38:47- POST http://localhost:4200 /api/add-task
06/24/2024 23:38:47- OPTIONS http://localhost:4200 /api/get-tasks
06/24/2024 23:38:47- POST http://localhost:4200 /api/get-tasks
06/24/2024 23:38:48- OPTIONS http://localhost:4200 /api/get-tasks
06/24/2024 23:38:48- POST http://localhost:4200 /api/get-tasks
06/24/2024 23:38:51- OPTIONS http://localhost:4200 /api/update-task/667989f1299bf8af72d939e7
06/24/2024 23:38:51- PATCH http://localhost:4200 /api/update-task/667989f1299bf8af72d939e7
06/24/2024 23:38:52- OPTIONS http://localhost:4200 /api/get-tasks
06/24/2024 23:38:52- POST http://localhost:4200 /api/get-tasks
06/24/2024 23:38:54- OPTIONS http://localhost:4200 /api/get-tasks
06/24/2024 23:38:54- POST http://localhost:4200 /api/get-tasks
06/24/2024 23:38:56- OPTIONS http://localhost:4200 /api/get-tasks
06/24/2024 23:38:56- POST http://localhost:4200 /api/get-tasks
06/24/2024 23:38:58- OPTIONS http://localhost:4200 /api/delete-task/667989f1299bf8af72d939e7
06/24/2024 23:38:58- DELETE http://localhost:4200 /api/delete-task/667989f1299bf8af72d939e7
06/24/2024 23:38:58- OPTIONS http://localhost:4200 /api/get-tasks
06/24/2024 23:38:58- POST http://localhost:4200 /api/get-tasks
06/24/2024 23:39:00- OPTIONS http://localhost:4200 /api/get-tasks
06/24/2024 23:39:00- POST http://localhost:4200 /api/get-tasks
06/24/2024 23:39:01- OPTIONS http://localhost:4200 /api/get-tasks
06/24/2024 23:39:01- POST http://localhost:4200 /api/get-tasks
06/24/2024 23:39:06- OPTIONS http://localhost:4200 /api/update-task/6679b62f6a3f5730896acc6a
06/24/2024 23:39:06- PATCH http://localhost:4200 /api/update-task/6679b62f6a3f5730896acc6a
06/24/2024 23:39:06- OPTIONS http://localhost:4200 /api/get-tasks
06/24/2024 23:39:06- POST http://localhost:4200 /api/get-tasks
06/24/2024 23:39:18- OPTIONS http://localhost:4200 /api/get-tasks
06/24/2024 23:39:18- POST http://localhost:4200 /api/get-tasks
06/24/2024 23:39:20- OPTIONS http://localhost:4200 /api/update-task/6679b6086a3f5730896acc44
06/24/2024 23:39:20- PATCH http://localhost:4200 /api/update-task/6679b6086a3f5730896acc44
06/24/2024 23:39:20- OPTIONS http://localhost:4200 /api/get-tasks
06/24/2024 23:39:20- POST http://localhost:4200 /api/get-tasks
06/24/2024 23:39:22- OPTIONS http://localhost:4200 /api/get-tasks
06/24/2024 23:39:22- POST http://localhost:4200 /api/get-tasks
06/24/2024 23:42:27- OPTIONS http://localhost:4200 /api/get-tasks
06/24/2024 23:42:27- POST http://localhost:4200 /api/get-tasks
06/24/2024 23:42:35- OPTIONS http://localhost:4200 /api/get-tasks
06/24/2024 23:42:35- POST http://localhost:4200 /api/get-tasks
06/24/2024 23:44:57- OPTIONS http://localhost:4200 /api/get-filtered-tasks
06/24/2024 23:44:57- POST http://localhost:4200 /api/get-filtered-tasks
06/24/2024 23:45:18- OPTIONS http://localhost:4200 /api/get-filtered-tasks
06/24/2024 23:45:18- POST http://localhost:4200 /api/get-filtered-tasks
06/24/2024 23:45:56- OPTIONS http://localhost:4200 /api/get-tasks
06/24/2024 23:45:56- POST http://localhost:4200 /api/get-tasks
06/24/2024 23:45:58- OPTIONS http://localhost:4200 /api/get-filtered-tasks
06/24/2024 23:45:58- POST http://localhost:4200 /api/get-filtered-tasks
06/24/2024 23:46:01- OPTIONS http://localhost:4200 /api/get-tasks
06/24/2024 23:46:01- POST http://localhost:4200 /api/get-tasks
06/24/2024 23:46:03- OPTIONS http://localhost:4200 /api/get-filtered-tasks
06/24/2024 23:46:03- POST http://localhost:4200 /api/get-filtered-tasks
06/24/2024 23:46:06- OPTIONS http://localhost:4200 /api/get-tasks
06/24/2024 23:46:06- POST http://localhost:4200 /api/get-tasks
06/24/2024 23:46:08- OPTIONS http://localhost:4200 /api/get-filtered-tasks
06/24/2024 23:46:08- POST http://localhost:4200 /api/get-filtered-tasks
06/24/2024 23:46:57- OPTIONS http://localhost:4200 /api/get-tasks
06/24/2024 23:46:57- POST http://localhost:4200 /api/get-tasks
06/24/2024 23:46:59- OPTIONS http://localhost:4200 /api/get-filtered-tasks
06/24/2024 23:46:59- POST http://localhost:4200 /api/get-filtered-tasks
06/24/2024 23:47:19- OPTIONS http://localhost:4200 /api/get-tasks
06/24/2024 23:47:19- POST http://localhost:4200 /api/get-tasks
06/24/2024 23:47:21- OPTIONS http://localhost:4200 /api/get-filtered-tasks
06/24/2024 23:47:21- POST http://localhost:4200 /api/get-filtered-tasks
06/24/2024 23:47:24- OPTIONS http://localhost:4200 /api/get-filtered-tasks
06/24/2024 23:47:24- POST http://localhost:4200 /api/get-filtered-tasks
06/24/2024 23:47:25- OPTIONS http://localhost:4200 /api/get-tasks
06/24/2024 23:47:25- POST http://localhost:4200 /api/get-tasks
06/24/2024 23:47:27- OPTIONS http://localhost:4200 /api/get-filtered-tasks
06/24/2024 23:47:27- POST http://localhost:4200 /api/get-filtered-tasks
06/24/2024 23:48:27- OPTIONS http://localhost:4200 /api/get-tasks
06/24/2024 23:48:27- POST http://localhost:4200 /api/get-tasks
06/24/2024 23:48:29- OPTIONS http://localhost:4200 /api/get-filtered-tasks
06/24/2024 23:48:29- POST http://localhost:4200 /api/get-filtered-tasks
06/24/2024 23:50:10- OPTIONS http://localhost:4200 /api/get-tasks
06/24/2024 23:50:10- POST http://localhost:4200 /api/get-tasks
06/24/2024 23:50:11- OPTIONS http://localhost:4200 /api/get-filtered-tasks
06/24/2024 23:50:11- POST http://localhost:4200 /api/get-filtered-tasks
06/24/2024 23:50:16- OPTIONS http://localhost:4200 /api/get-filtered-tasks
06/24/2024 23:50:16- POST http://localhost:4200 /api/get-filtered-tasks
06/24/2024 23:50:17- OPTIONS http://localhost:4200 /api/get-tasks
06/24/2024 23:50:17- POST http://localhost:4200 /api/get-tasks
06/24/2024 23:51:08- OPTIONS http://localhost:4200 /api/get-tasks
06/24/2024 23:51:08- POST http://localhost:4200 /api/get-tasks
06/24/2024 23:51:19- OPTIONS http://localhost:4200 /api/get-tasks
06/24/2024 23:51:19- POST http://localhost:4200 /api/get-tasks
06/24/2024 23:51:20- OPTIONS http://localhost:4200 /api/get-tasks
06/24/2024 23:51:20- POST http://localhost:4200 /api/get-tasks
06/24/2024 23:51:21- OPTIONS http://localhost:4200 /api/get-tasks
06/24/2024 23:51:21- POST http://localhost:4200 /api/get-tasks
06/24/2024 23:51:23- OPTIONS http://localhost:4200 /api/get-tasks
06/24/2024 23:51:23- POST http://localhost:4200 /api/get-tasks
06/24/2024 23:51:26- OPTIONS http://localhost:4200 /api/get-filtered-tasks
06/24/2024 23:51:26- POST http://localhost:4200 /api/get-filtered-tasks
06/24/2024 23:51:27- OPTIONS http://localhost:4200 /api/get-tasks
06/24/2024 23:51:27- POST http://localhost:4200 /api/get-tasks
06/24/2024 23:51:29- OPTIONS http://localhost:4200 /api/get-tasks
06/24/2024 23:51:29- POST http://localhost:4200 /api/get-tasks
06/24/2024 23:51:31- OPTIONS http://localhost:4200 /api/get-tasks
06/24/2024 23:51:31- POST http://localhost:4200 /api/get-tasks
06/24/2024 23:52:02- OPTIONS http://localhost:4200 /api/get-tasks
06/24/2024 23:52:02- POST http://localhost:4200 /api/get-tasks
06/24/2024 23:54:29- OPTIONS http://localhost:4200 /api/get-tasks
06/24/2024 23:54:29- POST http://localhost:4200 /api/get-tasks
06/24/2024 23:55:06- OPTIONS http://localhost:4200 /api/get-tasks
06/24/2024 23:55:06- POST http://localhost:4200 /api/get-tasks
06/24/2024 23:55:27- OPTIONS http://localhost:4200 /api/get-tasks
06/24/2024 23:55:27- POST http://localhost:4200 /api/get-tasks
06/24/2024 23:59:07- OPTIONS http://localhost:4200 /api/get-tasks
06/24/2024 23:59:07- POST http://localhost:4200 /api/get-tasks
06/24/2024 23:59:34- OPTIONS http://localhost:4200 /api/get-tasks
06/24/2024 23:59:34- POST http://localhost:4200 /api/get-tasks
06/24/2024 23:59:59- OPTIONS http://localhost:4200 /api/get-tasks
06/24/2024 23:59:59- POST http://localhost:4200 /api/get-tasks
06/25/2024 00:00:20- OPTIONS http://localhost:4200 /api/get-tasks
06/25/2024 00:00:20- POST http://localhost:4200 /api/get-tasks
06/25/2024 00:00:43- OPTIONS http://localhost:4200 /api/get-tasks
06/25/2024 00:00:43- POST http://localhost:4200 /api/get-tasks
06/25/2024 00:00:52- OPTIONS http://localhost:4200 /api/get-tasks
06/25/2024 00:00:52- POST http://localhost:4200 /api/get-tasks
06/25/2024 00:01:01- OPTIONS http://localhost:4200 /api/get-tasks
06/25/2024 00:01:01- POST http://localhost:4200 /api/get-tasks
06/25/2024 00:03:10- OPTIONS http://localhost:4200 /api/get-tasks
06/25/2024 00:03:10- POST http://localhost:4200 /api/get-tasks
06/25/2024 00:03:10- OPTIONS http://localhost:4200 /api/refresh
06/25/2024 00:03:10- GET http://localhost:4200 /api/refresh
06/25/2024 00:03:10- OPTIONS http://localhost:4200 /api/get-tasks
06/25/2024 00:03:10- POST http://localhost:4200 /api/get-tasks
06/25/2024 00:03:20- OPTIONS http://localhost:4200 /api/get-tasks
06/25/2024 00:03:20- POST http://localhost:4200 /api/get-tasks
06/25/2024 00:03:59- OPTIONS http://localhost:4200 /api/get-tasks
06/25/2024 00:03:59- POST http://localhost:4200 /api/get-tasks
06/25/2024 00:04:32- OPTIONS http://localhost:4200 /api/get-tasks
06/25/2024 00:04:32- POST http://localhost:4200 /api/get-tasks
06/25/2024 00:15:40- OPTIONS http://localhost:4200 /api/get-tasks
06/25/2024 00:15:40- POST http://localhost:4200 /api/get-tasks
06/25/2024 00:18:09- OPTIONS http://localhost:4200 /api/get-tasks
06/25/2024 00:18:09- POST http://localhost:4200 /api/get-tasks
06/25/2024 00:22:03- OPTIONS http://localhost:4200 /api/add-task
06/25/2024 00:22:03- POST http://localhost:4200 /api/add-task
06/25/2024 00:22:03- OPTIONS http://localhost:4200 /api/get-tasks
06/25/2024 00:22:03- POST http://localhost:4200 /api/get-tasks
06/25/2024 00:22:10- OPTIONS http://localhost:4200 /api/get-tasks
06/25/2024 00:22:10- POST http://localhost:4200 /api/get-tasks
06/25/2024 00:38:46- OPTIONS http://localhost:4200 /api/get-tasks
06/25/2024 00:38:46- POST http://localhost:4200 /api/get-tasks
06/25/2024 00:38:46- OPTIONS http://localhost:4200 /api/refresh
06/25/2024 00:38:46- GET http://localhost:4200 /api/refresh
06/25/2024 00:38:46- OPTIONS http://localhost:4200 /api/get-tasks
06/25/2024 00:38:46- POST http://localhost:4200 /api/get-tasks
06/25/2024 00:40:02- OPTIONS http://localhost:4200 /api/get-tasks
06/25/2024 00:40:02- POST http://localhost:4200 /api/get-tasks
06/25/2024 00:40:06- OPTIONS http://localhost:4200 /api/get-tasks
06/25/2024 00:40:06- POST http://localhost:4200 /api/get-tasks
06/25/2024 00:40:52- OPTIONS http://localhost:4200 /api/get-tasks
06/25/2024 00:40:52- POST http://localhost:4200 /api/get-tasks
06/25/2024 00:42:47- OPTIONS http://localhost:4200 /api/get-tasks
06/25/2024 00:42:47- POST http://localhost:4200 /api/get-tasks
06/25/2024 00:42:51- OPTIONS http://localhost:4200 /api/get-tasks
06/25/2024 00:42:51- POST http://localhost:4200 /api/get-tasks
06/25/2024 00:42:53- OPTIONS http://localhost:4200 /api/get-tasks
06/25/2024 00:42:53- POST http://localhost:4200 /api/get-tasks
06/25/2024 00:46:56- OPTIONS http://localhost:4200 /api/get-tasks
06/25/2024 00:46:56- POST http://localhost:4200 /api/get-tasks
06/25/2024 00:49:28- OPTIONS http://localhost:4200 /api/logout
06/25/2024 00:49:28- GET http://localhost:4200 /api/logout
06/25/2024 00:50:13- OPTIONS http://localhost:4200 /api/register
06/25/2024 00:50:13- POST http://localhost:4200 /api/register
06/25/2024 00:50:47- OPTIONS http://localhost:4200 /api/login
06/25/2024 00:50:47- POST http://localhost:4200 /api/login
06/25/2024 00:50:48- OPTIONS http://localhost:4200 /api/get-tasks
06/25/2024 00:50:48- POST http://localhost:4200 /api/get-tasks
06/25/2024 00:51:24- OPTIONS http://localhost:4200 /api/add-task
06/25/2024 00:51:24- POST http://localhost:4200 /api/add-task
06/25/2024 00:51:24- OPTIONS http://localhost:4200 /api/get-tasks
06/25/2024 00:51:24- POST http://localhost:4200 /api/get-tasks
06/25/2024 00:51:41- OPTIONS http://localhost:4200 /api/add-task
06/25/2024 00:51:41- POST http://localhost:4200 /api/add-task
06/25/2024 00:51:41- OPTIONS http://localhost:4200 /api/get-tasks
06/25/2024 00:51:41- POST http://localhost:4200 /api/get-tasks
06/25/2024 00:52:15- OPTIONS http://localhost:4200 /api/add-task
06/25/2024 00:52:15- POST http://localhost:4200 /api/add-task
06/25/2024 00:52:15- OPTIONS http://localhost:4200 /api/get-tasks
06/25/2024 00:52:15- POST http://localhost:4200 /api/get-tasks
06/25/2024 00:52:45- OPTIONS http://localhost:4200 /api/get-filtered-tasks
06/25/2024 00:52:45- POST http://localhost:4200 /api/get-filtered-tasks
06/25/2024 00:52:46- OPTIONS http://localhost:4200 /api/get-tasks
06/25/2024 00:52:46- POST http://localhost:4200 /api/get-tasks
06/25/2024 00:52:48- OPTIONS http://localhost:4200 /api/get-filtered-tasks
06/25/2024 00:52:48- POST http://localhost:4200 /api/get-filtered-tasks
06/25/2024 00:52:54- OPTIONS http://localhost:4200 /api/get-filtered-tasks
06/25/2024 00:52:54- POST http://localhost:4200 /api/get-filtered-tasks
06/25/2024 00:53:07- OPTIONS http://localhost:4200 /api/logout
06/25/2024 00:53:07- GET http://localhost:4200 /api/logout
06/25/2024 00:53:40- OPTIONS http://localhost:4200 /api/login
06/25/2024 00:53:40- POST http://localhost:4200 /api/login
06/25/2024 00:53:41- OPTIONS http://localhost:4200 /api/get-tasks
06/25/2024 00:53:41- POST http://localhost:4200 /api/get-tasks
06/25/2024 00:53:46- OPTIONS http://localhost:4200 /api/update-task/6679c76738f1dbef38af0f16
06/25/2024 00:53:46- PATCH http://localhost:4200 /api/update-task/6679c76738f1dbef38af0f16
06/25/2024 00:53:46- OPTIONS http://localhost:4200 /api/get-tasks
06/25/2024 00:53:46- POST http://localhost:4200 /api/get-tasks
06/25/2024 00:53:48- OPTIONS http://localhost:4200 /api/update-task/6679c74538f1dbef38af0f11
06/25/2024 00:53:48- PATCH http://localhost:4200 /api/update-task/6679c74538f1dbef38af0f11
06/25/2024 00:53:48- OPTIONS http://localhost:4200 /api/get-tasks
06/25/2024 00:53:48- POST http://localhost:4200 /api/get-tasks
06/25/2024 00:53:50- OPTIONS http://localhost:4200 /api/update-task/6679c73438f1dbef38af0f0c
06/25/2024 00:53:50- PATCH http://localhost:4200 /api/update-task/6679c73438f1dbef38af0f0c
06/25/2024 00:53:50- OPTIONS http://localhost:4200 /api/get-tasks
06/25/2024 00:53:50- POST http://localhost:4200 /api/get-tasks
06/25/2024 00:53:53- OPTIONS http://localhost:4200 /api/delete-task/6679c76738f1dbef38af0f16
06/25/2024 00:53:53- DELETE http://localhost:4200 /api/delete-task/6679c76738f1dbef38af0f16
06/25/2024 00:53:53- OPTIONS http://localhost:4200 /api/get-tasks
06/25/2024 00:53:53- POST http://localhost:4200 /api/get-tasks
06/25/2024 00:53:54- OPTIONS http://localhost:4200 /api/delete-task/6679c74538f1dbef38af0f11
06/25/2024 00:53:54- DELETE http://localhost:4200 /api/delete-task/6679c74538f1dbef38af0f11
06/25/2024 00:53:54- OPTIONS http://localhost:4200 /api/get-tasks
06/25/2024 00:53:54- POST http://localhost:4200 /api/get-tasks
06/25/2024 00:53:54- OPTIONS http://localhost:4200 /api/delete-task/6679c73438f1dbef38af0f0c
06/25/2024 00:53:54- DELETE http://localhost:4200 /api/delete-task/6679c73438f1dbef38af0f0c
06/25/2024 00:53:54- OPTIONS http://localhost:4200 /api/get-tasks
06/25/2024 00:53:54- POST http://localhost:4200 /api/get-tasks
06/25/2024 00:53:55- OPTIONS http://localhost:4200 /api/delete-task/6679c73438f1dbef38af0f0c
06/25/2024 00:53:55- DELETE http://localhost:4200 /api/delete-task/6679c73438f1dbef38af0f0c
06/25/2024 00:53:56- OPTIONS http://localhost:4200 /api/delete-task/6679c73438f1dbef38af0f0c
06/25/2024 00:53:56- DELETE http://localhost:4200 /api/delete-task/6679c73438f1dbef38af0f0c
06/25/2024 00:53:59- OPTIONS http://localhost:4200 /api/delete-task/6679c73438f1dbef38af0f0c
06/25/2024 00:53:59- DELETE http://localhost:4200 /api/delete-task/6679c73438f1dbef38af0f0c
06/25/2024 01:18:21- OPTIONS http://localhost:4200 /api/get-tasks
06/25/2024 01:18:21- POST http://localhost:4200 /api/get-tasks
06/25/2024 01:28:03- OPTIONS http://localhost:4200 /api/get-tasks
06/25/2024 01:28:03- POST http://localhost:4200 /api/get-tasks
06/25/2024 01:28:03- OPTIONS http://localhost:4200 /api/refresh
06/25/2024 01:28:03- GET http://localhost:4200 /api/refresh
06/25/2024 10:18:28- OPTIONS http://localhost:4200 /api/get-tasks
06/25/2024 10:18:28- POST http://localhost:4200 /api/get-tasks
06/25/2024 10:18:28- OPTIONS http://localhost:4200 /api/refresh
06/25/2024 10:18:28- GET http://localhost:4200 /api/refresh
06/25/2024 10:18:28- OPTIONS http://localhost:4200 /api/get-tasks
06/25/2024 10:18:28- POST http://localhost:4200 /api/get-tasks
06/25/2024 10:18:28- OPTIONS http://localhost:4200 /api/logout
06/25/2024 10:18:28- GET http://localhost:4200 /api/logout
06/25/2024 10:18:39- OPTIONS http://localhost:4200 /api/login
06/25/2024 10:18:39- POST http://localhost:4200 /api/login
06/25/2024 10:18:39- OPTIONS http://localhost:4200 /api/get-tasks
06/25/2024 10:18:39- POST http://localhost:4200 /api/get-tasks
06/25/2024 10:18:47- OPTIONS http://localhost:4200 /api/get-tasks
06/25/2024 10:18:47- POST http://localhost:4200 /api/get-tasks
06/25/2024 10:18:59- OPTIONS http://localhost:4200 /api/get-tasks
06/25/2024 10:18:59- POST http://localhost:4200 /api/get-tasks
06/25/2024 10:19:36- OPTIONS http://localhost:4200 /api/get-tasks
06/25/2024 10:19:36- POST http://localhost:4200 /api/get-tasks
06/25/2024 10:19:39- OPTIONS http://localhost:4200 /api/get-tasks
06/25/2024 10:19:39- POST http://localhost:4200 /api/get-tasks
06/25/2024 10:20:08- OPTIONS http://localhost:4200 /api/get-tasks
06/25/2024 10:20:08- POST http://localhost:4200 /api/get-tasks
06/25/2024 10:28:57- OPTIONS http://localhost:4200 /api/get-tasks
06/25/2024 10:28:57- POST http://localhost:4200 /api/get-tasks
06/25/2024 14:50:01- OPTIONS http://localhost:4200 /api/get-tasks
06/25/2024 14:50:01- POST http://localhost:4200 /api/get-tasks
06/25/2024 14:50:01- OPTIONS http://localhost:4200 /api/refresh
06/25/2024 14:50:01- GET http://localhost:4200 /api/refresh
06/25/2024 14:50:01- OPTIONS http://localhost:4200 /api/get-tasks
06/25/2024 14:50:01- POST http://localhost:4200 /api/get-tasks
06/25/2024 14:57:50- OPTIONS http://localhost:4200 /api/get-tasks
06/25/2024 14:57:50- POST http://localhost:4200 /api/get-tasks
06/25/2024 14:57:53- OPTIONS http://localhost:4200 /api/get-tasks
06/25/2024 14:57:53- POST http://localhost:4200 /api/get-tasks
06/25/2024 14:57:57- OPTIONS http://localhost:4200 /api/get-tasks
06/25/2024 14:57:57- POST http://localhost:4200 /api/get-tasks
06/25/2024 14:58:18- OPTIONS http://localhost:4200 /api/get-tasks
06/25/2024 14:58:18- POST http://localhost:4200 /api/get-tasks
06/25/2024 15:07:08- OPTIONS http://localhost:4200 /api/get-tasks
06/25/2024 15:07:08- POST http://localhost:4200 /api/get-tasks
06/25/2024 15:07:12- OPTIONS http://localhost:4200 /api/get-tasks
06/25/2024 15:07:12- POST http://localhost:4200 /api/get-tasks
06/25/2024 15:07:17- OPTIONS http://localhost:4200 /api/get-tasks
06/25/2024 15:07:17- POST http://localhost:4200 /api/get-tasks
06/25/2024 15:07:19- OPTIONS http://localhost:4200 /api/get-tasks
06/25/2024 15:07:19- POST http://localhost:4200 /api/get-tasks
06/25/2024 15:07:42- OPTIONS http://localhost:4200 /api/get-tasks
06/25/2024 15:07:42- POST http://localhost:4200 /api/get-tasks
